<?xml version="1.0" encoding="UTF-8"?>
<!-- Generated by org.testng.reporters.JUnitXMLReporter -->
<testsuite ignored="0" hostname="Tharani-PC" failures="0" tests="11" name="Test" time="20.575" errors="0" timestamp="2022-11-19T17:28:45 SAST">
  <testcase classname="com.testng.adactin.Adactin_With_Testng_Attributes" name="login_Details_1" time="1.77"/>
  <testcase classname="com.testng.adactin.Adactin_With_Testng_Attributes" name="search_Hotel_1" time="1.526"/>
  <testcase classname="com.testng.adactin.Adactin_With_Testng_Attributes" name="select_Hotel_1" time="0.851"/>
  <testcase classname="com.testng.adactin.Adactin_With_Testng_Attributes" name="book_A_Hotel_1" time="0.673"/>
  <testcase classname="com.testng.adactin.Adactin_With_Testng_Attributes" name="booking_Confirmation_Page_1" time="3.796"/>
  <testcase classname="com.testng.adactin.Adactin_With_Testng_Attributes" name="login_Again" time="0.455"/>
  <testcase classname="com.testng.adactin.Adactin_With_Testng_Attributes" name="login_Details_2" time="0.976"/>
  <testcase classname="com.testng.adactin.Adactin_With_Testng_Attributes" name="search_Hotel_2" time="1.09"/>
  <testcase classname="com.testng.adactin.Adactin_With_Testng_Attributes" name="select_Hotel_2" time="0.537"/>
  <testcase classname="com.testng.adactin.Adactin_With_Testng_Attributes" name="book_A_Hotel_2" time="0.704"/>
  <testcase classname="com.testng.adactin.Adactin_With_Testng_Attributes" name="booking_Confirmation_Page_2" time="3.697"/>
</testsuite> <!-- Test -->
