<?xml version="1.0" encoding="UTF-8"?>
<testng-results ignored="0" total="11" passed="11" failed="0" skipped="0">
  <reporter-output>
  </reporter-output>
  <suite started-at="2022-11-19T18:13:08 SAST" name="Default suite" finished-at="2022-11-19T18:13:37 SAST" duration-ms="29539">
    <groups>
      <group name="2ndHotelBooking">
        <method signature="Adactin_With_Testng_Attributes.booking_Confirmation_Page_2()[pri:9, instance:com.testng.adactin.Adactin_With_Testng_Attributes@240f6c41]" name="booking_Confirmation_Page_2" class="com.testng.adactin.Adactin_With_Testng_Attributes"/>
        <method signature="Adactin_With_Testng_Attributes.login_Details_2()[pri:5, instance:com.testng.adactin.Adactin_With_Testng_Attributes@240f6c41]" name="login_Details_2" class="com.testng.adactin.Adactin_With_Testng_Attributes"/>
        <method signature="Adactin_With_Testng_Attributes.search_Hotel_2()[pri:6, instance:com.testng.adactin.Adactin_With_Testng_Attributes@240f6c41]" name="search_Hotel_2" class="com.testng.adactin.Adactin_With_Testng_Attributes"/>
        <method signature="Adactin_With_Testng_Attributes.book_A_Hotel_2()[pri:8, instance:com.testng.adactin.Adactin_With_Testng_Attributes@240f6c41]" name="book_A_Hotel_2" class="com.testng.adactin.Adactin_With_Testng_Attributes"/>
        <method signature="Adactin_With_Testng_Attributes.select_Hotel_2()[pri:7, instance:com.testng.adactin.Adactin_With_Testng_Attributes@240f6c41]" name="select_Hotel_2" class="com.testng.adactin.Adactin_With_Testng_Attributes"/>
      </group> <!-- 2ndHotelBooking -->
      <group name="1stHotelBooking">
        <method signature="Adactin_With_Testng_Attributes.booking_Confirmation_Page_1()[pri:3, instance:com.testng.adactin.Adactin_With_Testng_Attributes@240f6c41]" name="booking_Confirmation_Page_1" class="com.testng.adactin.Adactin_With_Testng_Attributes"/>
        <method signature="Adactin_With_Testng_Attributes.login_Again()[pri:4, instance:com.testng.adactin.Adactin_With_Testng_Attributes@240f6c41]" name="login_Again" class="com.testng.adactin.Adactin_With_Testng_Attributes"/>
        <method signature="Adactin_With_Testng_Attributes.login_Details_1()[pri:-1, instance:com.testng.adactin.Adactin_With_Testng_Attributes@240f6c41]" name="login_Details_1" class="com.testng.adactin.Adactin_With_Testng_Attributes"/>
        <method signature="Adactin_With_Testng_Attributes.search_Hotel_1()[pri:0, instance:com.testng.adactin.Adactin_With_Testng_Attributes@240f6c41]" name="search_Hotel_1" class="com.testng.adactin.Adactin_With_Testng_Attributes"/>
        <method signature="Adactin_With_Testng_Attributes.select_Hotel_1()[pri:1, instance:com.testng.adactin.Adactin_With_Testng_Attributes@240f6c41]" name="select_Hotel_1" class="com.testng.adactin.Adactin_With_Testng_Attributes"/>
        <method signature="Adactin_With_Testng_Attributes.book_A_Hotel_1()[pri:2, instance:com.testng.adactin.Adactin_With_Testng_Attributes@240f6c41]" name="book_A_Hotel_1" class="com.testng.adactin.Adactin_With_Testng_Attributes"/>
      </group> <!-- 1stHotelBooking -->
    </groups>
    <test started-at="2022-11-19T18:13:08 SAST" name="Default test" finished-at="2022-11-19T18:13:37 SAST" duration-ms="29539">
      <class name="com.testng.adactin.Adactin_With_Testng_Attributes">
        <test-method is-config="true" signature="browser_Launch()[pri:0, instance:com.testng.adactin.Adactin_With_Testng_Attributes@240f6c41]" started-at="2022-11-19T18:13:08 SAST" name="browser_Launch" description="Launching Adactin Hotel Booking Website" finished-at="2022-11-19T18:13:22 SAST" duration-ms="13797" status="PASS">
          <reporter-output>
          </reporter-output>
        </test-method> <!-- browser_Launch -->
        <test-method signature="login_Details_1()[pri:-1, instance:com.testng.adactin.Adactin_With_Testng_Attributes@240f6c41]" started-at="2022-11-19T18:13:22 SAST" name="login_Details_1" finished-at="2022-11-19T18:13:23 SAST" duration-ms="1429" status="PASS">
          <reporter-output>
          </reporter-output>
        </test-method> <!-- login_Details_1 -->
        <test-method signature="search_Hotel_1()[pri:0, instance:com.testng.adactin.Adactin_With_Testng_Attributes@240f6c41]" started-at="2022-11-19T18:13:23 SAST" name="search_Hotel_1" finished-at="2022-11-19T18:13:25 SAST" depends-on-methods="com.testng.adactin.Adactin_With_Testng_Attributes.login_Details_1" duration-ms="1566" status="PASS">
          <reporter-output>
          </reporter-output>
        </test-method> <!-- search_Hotel_1 -->
        <test-method signature="select_Hotel_1()[pri:1, instance:com.testng.adactin.Adactin_With_Testng_Attributes@240f6c41]" started-at="2022-11-19T18:13:25 SAST" name="select_Hotel_1" finished-at="2022-11-19T18:13:26 SAST" duration-ms="843" status="PASS">
          <reporter-output>
          </reporter-output>
        </test-method> <!-- select_Hotel_1 -->
        <test-method signature="book_A_Hotel_1()[pri:2, instance:com.testng.adactin.Adactin_With_Testng_Attributes@240f6c41]" started-at="2022-11-19T18:13:26 SAST" name="book_A_Hotel_1" finished-at="2022-11-19T18:13:26 SAST" duration-ms="744" status="PASS">
          <reporter-output>
          </reporter-output>
        </test-method> <!-- book_A_Hotel_1 -->
        <test-method signature="booking_Confirmation_Page_1()[pri:3, instance:com.testng.adactin.Adactin_With_Testng_Attributes@240f6c41]" started-at="2022-11-19T18:13:26 SAST" name="booking_Confirmation_Page_1" finished-at="2022-11-19T18:13:30 SAST" duration-ms="3771" status="PASS">
          <reporter-output>
          </reporter-output>
        </test-method> <!-- booking_Confirmation_Page_1 -->
        <test-method signature="login_Again()[pri:4, instance:com.testng.adactin.Adactin_With_Testng_Attributes@240f6c41]" started-at="2022-11-19T18:13:30 SAST" name="login_Again" finished-at="2022-11-19T18:13:31 SAST" duration-ms="475" status="PASS">
          <reporter-output>
          </reporter-output>
        </test-method> <!-- login_Again -->
        <test-method signature="login_Details_2()[pri:5, instance:com.testng.adactin.Adactin_With_Testng_Attributes@240f6c41]" started-at="2022-11-19T18:13:31 SAST" name="login_Details_2" finished-at="2022-11-19T18:13:32 SAST" depends-on-methods="com.testng.adactin.Adactin_With_Testng_Attributes.login_Again" duration-ms="984" status="PASS">
          <reporter-output>
          </reporter-output>
        </test-method> <!-- login_Details_2 -->
        <test-method signature="search_Hotel_2()[pri:6, instance:com.testng.adactin.Adactin_With_Testng_Attributes@240f6c41]" started-at="2022-11-19T18:13:32 SAST" name="search_Hotel_2" finished-at="2022-11-19T18:13:33 SAST" depends-on-methods="com.testng.adactin.Adactin_With_Testng_Attributes.login_Details_2" duration-ms="1082" status="PASS">
          <reporter-output>
          </reporter-output>
        </test-method> <!-- search_Hotel_2 -->
        <test-method signature="select_Hotel_2()[pri:7, instance:com.testng.adactin.Adactin_With_Testng_Attributes@240f6c41]" started-at="2022-11-19T18:13:33 SAST" name="select_Hotel_2" finished-at="2022-11-19T18:13:33 SAST" duration-ms="531" status="PASS">
          <reporter-output>
          </reporter-output>
        </test-method> <!-- select_Hotel_2 -->
        <test-method signature="book_A_Hotel_2()[pri:8, instance:com.testng.adactin.Adactin_With_Testng_Attributes@240f6c41]" started-at="2022-11-19T18:13:33 SAST" name="book_A_Hotel_2" finished-at="2022-11-19T18:13:34 SAST" duration-ms="699" status="PASS">
          <reporter-output>
          </reporter-output>
        </test-method> <!-- book_A_Hotel_2 -->
        <test-method signature="booking_Confirmation_Page_2()[pri:9, instance:com.testng.adactin.Adactin_With_Testng_Attributes@240f6c41]" started-at="2022-11-19T18:13:34 SAST" name="booking_Confirmation_Page_2" finished-at="2022-11-19T18:13:37 SAST" duration-ms="2992" status="PASS">
          <reporter-output>
          </reporter-output>
        </test-method> <!-- booking_Confirmation_Page_2 -->
        <test-method is-config="true" signature="logout2()[pri:0, instance:com.testng.adactin.Adactin_With_Testng_Attributes@240f6c41]" started-at="2022-11-19T18:13:37 SAST" name="logout2" finished-at="2022-11-19T18:13:37 SAST" duration-ms="436" status="PASS">
          <reporter-output>
          </reporter-output>
        </test-method> <!-- logout2 -->
      </class> <!-- com.testng.adactin.Adactin_With_Testng_Attributes -->
    </test> <!-- Default test -->
  </suite> <!-- Default suite -->
</testng-results>
