<?xml version="1.0" encoding="UTF-8"?>
<!-- Generated by org.testng.reporters.JUnitXMLReporter -->
<testsuite ignored="0" hostname="Tharani-PC" failures="0" tests="11" name="Default test" time="29.539" errors="0" timestamp="2022-11-19T18:13:37 SAST">
  <testcase classname="com.testng.adactin.Adactin_With_Testng_Attributes" name="login_Details_1" time="1.429"/>
  <testcase classname="com.testng.adactin.Adactin_With_Testng_Attributes" name="search_Hotel_1" time="1.566"/>
  <testcase classname="com.testng.adactin.Adactin_With_Testng_Attributes" name="select_Hotel_1" time="0.843"/>
  <testcase classname="com.testng.adactin.Adactin_With_Testng_Attributes" name="book_A_Hotel_1" time="0.744"/>
  <testcase classname="com.testng.adactin.Adactin_With_Testng_Attributes" name="booking_Confirmation_Page_1" time="3.771"/>
  <testcase classname="com.testng.adactin.Adactin_With_Testng_Attributes" name="login_Again" time="0.475"/>
  <testcase classname="com.testng.adactin.Adactin_With_Testng_Attributes" name="login_Details_2" time="0.984"/>
  <testcase classname="com.testng.adactin.Adactin_With_Testng_Attributes" name="search_Hotel_2" time="1.082"/>
  <testcase classname="com.testng.adactin.Adactin_With_Testng_Attributes" name="select_Hotel_2" time="0.531"/>
  <testcase classname="com.testng.adactin.Adactin_With_Testng_Attributes" name="book_A_Hotel_2" time="0.699"/>
  <testcase classname="com.testng.adactin.Adactin_With_Testng_Attributes" name="booking_Confirmation_Page_2" time="2.992"/>
</testsuite> <!-- Default test -->
